[Tue 03 Sep 2019 12:15:01 PM MDT][Output] entry begin
Network detected as down
[Tue 03 Sep 2019 12:15:01 PM MDT][Success] created pid file.
[Tue 03 Sep 2019 12:15:01 PM MDT][Success] cron job started...
[Tue 03 Sep 2019 12:15:01 PM MDT][Output]
Tue 03 Sep 2019 12:15:01 PM MDT

[Tue 03 Sep 2019 12:15:02 PM MDT][Success] removed pid file.
[Tue 03 Sep 2019 12:15:02 PM MDT][Success] cron job finished.
[Tue 03 Sep 2019 12:16:01 PM MDT][Output] entry begin
Network detected as down
[Tue 03 Sep 2019 12:16:01 PM MDT][Success] created pid file.
[Tue 03 Sep 2019 12:16:01 PM MDT][Success] cron job started...
[Tue 03 Sep 2019 12:16:01 PM MDT][Output]
Tue 03 Sep 2019 12:16:01 PM MDT

[Tue 03 Sep 2019 12:16:01 PM MDT][Success] removed pid file.
[Tue 03 Sep 2019 12:16:01 PM MDT][Success] cron job finished.
[Tue 03 Sep 2019 12:17:01 PM MDT][Output] entry begin
Network detected as down
[Tue 03 Sep 2019 12:17:01 PM MDT][Success] created pid file.
[Tue 03 Sep 2019 12:17:01 PM MDT][Success] cron job started...
[Tue 03 Sep 2019 12:17:01 PM MDT][Output]
Tue 03 Sep 2019 12:17:02 PM MDT

[Tue 03 Sep 2019 12:17:02 PM MDT][Success] removed pid file.
[Tue 03 Sep 2019 12:17:02 PM MDT][Success] cron job finished.
[Tue 03 Sep 2019 12:18:01 PM MDT][Output] entry begin
Network connectivity detected. No action required.
[Tue 03 Sep 2019 12:19:01 PM MDT][Output] entry begin
Network connectivity detected. No action required.
[Tue 03 Sep 2019 12:20:01 PM MDT][Output] entry begin
Network connectivity detected. No action required.
[Tue 03 Sep 2019 12:21:01 PM MDT][Output] entry begin
Network connectivity detected. No action required.
[Tue 03 Sep 2019 12:22:02 PM MDT][Output] entry begin
Network connectivity detected. No action required.
[Tue 03 Sep 2019 12:23:01 PM MDT][Output] entry begin
Network connectivity detected. No action required.
[Tue 03 Sep 2019 12:24:01 PM MDT][Output] entry begin
Network connectivity detected. No action required.
[Tue 03 Sep 2019 12:25:01 PM MDT][Output] entry begin
Network connectivity detected. No action required.
[Tue 03 Sep 2019 12:26:01 PM MDT][Output] entry begin
Network connectivity detected. No action required.
[Tue 03 Sep 2019 12:27:01 PM MDT][Output] entry begin
Network connectivity detected. No action required.
[Tue 03 Sep 2019 12:28:01 PM MDT][Output] entry begin
Network connectivity detected. No action required.
[Tue 03 Sep 2019 12:29:01 PM MDT][Output] entry begin
Network connectivity detected. No action required.
[Tue 03 Sep 2019 12:30:01 PM MDT][Output] entry begin
Network connectivity detected. No action required.
[Tue 03 Sep 2019 12:31:01 PM MDT][Output] entry begin
Network connectivity detected. No action required.
[Tue 03 Sep 2019 12:32:01 PM MDT][Output] entry begin
Network connectivity detected. No action required.
[Tue 03 Sep 2019 12:33:01 PM MDT][Output] entry begin
Network connectivity detected. No action required.
[Tue 03 Sep 2019 12:34:01 PM MDT][Output] entry begin
Network connectivity detected. No action required.
[Tue 03 Sep 2019 12:35:01 PM MDT][Output] entry begin
Network connectivity detected. No action required.
[Tue 03 Sep 2019 12:36:01 PM MDT][Output] entry begin
Network connectivity detected. No action required.
